# JRE version: Java(TM) SE Runtime Environment (21.0.1+12) (build 21.0.1+12-LTS-29)
# Java VM: Java HotSpot(TM) 64-Bit Server VM (21.0.1+12-LTS-29, mixed mode, sharing, tiered, compressed oops, compressed class ptrs, g1 gc, windows-amd64)
GC Precious Log:
 CardTable entry size: 512
 Card Set container configuration: InlinePtr #cards 5 size 8 Array Of Cards #cards 12 size 40 Howl #buckets 4 coarsen threshold 1843 Howl Bitmap #cards 512 size 80 coarsen threshold 460 Card regions per heap region 1 cards per card region 2048
 CPUs: 8 total, 8 available
 Memory: 7991M
 Large Page Support: Disabled
 NUMA Support: Disabled
 Compressed Oops: Enabled (32-bit)
 Heap Region Size: 1M
 Heap Min Capacity: 8M
 Heap Initial Capacity: 126M
 Heap Max Capacity: 2G
 Pre-touch: Disabled
 Parallel Workers: 8
 Concurrent Workers: 2
 Concurrent Refinement Workers: 8
 Periodic GC: Disabled
Heap:
 garbage-first heap   total 366592K, used 174353K [0x0000000080000000, 0x0000000100000000)
  region size 1024K, 3 young (3072K), 3 survivors (3072K)
 Metaspace       used 131820K, committed 134080K, reserved 557056K
  class space    used 16857K, committed 17984K, reserved 425984K
GC Heap History (20 events):
Event: 78.139 GC heap after
{Heap after GC invocations=82 (full 0):
 garbage-first heap   total 219136K, used 102125K [0x0000000080000000, 0x0000000100000000)
  region size 1024K, 8 young (8192K), 8 survivors (8192K)
 Metaspace       used 131299K, committed 133632K, reserved 557056K
  class space    used 16834K, committed 17984K, reserved 425984K
}
Event: 78.547 GC heap before
{Heap before GC invocations=82 (full 0):
 garbage-first heap   total 219136K, used 197357K [0x0000000080000000, 0x0000000100000000)
  region size 1024K, 101 young (103424K), 8 survivors (8192K)
 Metaspace       used 131299K, committed 133632K, reserved 557056K
  class space    used 16834K, committed 17984K, reserved 425984K
}
Event: 78.552 GC heap after
{Heap after GC invocations=83 (full 0):
 garbage-first heap   total 219136K, used 104135K [0x0000000080000000, 0x0000000100000000)
  region size 1024K, 10 young (10240K), 10 survivors (10240K)
 Metaspace       used 131299K, committed 133632K, reserved 557056K
  class space    used 16834K, committed 17984K, reserved 425984K
}
Event: 78.978 GC heap before
{Heap before GC invocations=84 (full 0):
 garbage-first heap   total 219136K, used 195271K [0x0000000080000000, 0x0000000100000000)
  region size 1024K, 99 young (101376K), 10 survivors (10240K)
 Metaspace       used 131299K, committed 133632K, reserved 557056K
  class space    used 16834K, committed 17984K, reserved 425984K
}
Event: 78.986 GC heap after
{Heap after GC invocations=85 (full 0):
 garbage-first heap   total 219136K, used 106540K [0x0000000080000000, 0x0000000100000000)
  region size 1024K, 8 young (8192K), 8 survivors (8192K)
 Metaspace       used 131299K, committed 133632K, reserved 557056K
  class space    used 16834K, committed 17984K, reserved 425984K
}
Event: 79.400 GC heap before
{Heap before GC invocations=85 (full 0):
 garbage-first heap   total 219136K, used 197676K [0x0000000080000000, 0x0000000100000000)
  region size 1024K, 97 young (99328K), 8 survivors (8192K)
 Metaspace       used 131300K, committed 133632K, reserved 557056K
  class space    used 16834K, committed 17984K, reserved 425984K
}
Event: 79.408 GC heap after
{Heap after GC invocations=86 (full 0):
 garbage-first heap   total 219136K, used 107888K [0x0000000080000000, 0x0000000100000000)
  region size 1024K, 7 young (7168K), 7 survivors (7168K)
 Metaspace       used 131300K, committed 133632K, reserved 557056K
  class space    used 16834K, committed 17984K, reserved 425984K
}
Event: 79.786 GC heap before
{Heap before GC invocations=86 (full 0):
 garbage-first heap   total 219136K, used 199024K [0x0000000080000000, 0x0000000100000000)
  region size 1024K, 96 young (98304K), 7 survivors (7168K)
 Metaspace       used 131300K, committed 133632K, reserved 557056K
  class space    used 16834K, committed 17984K, reserved 425984K
}
Event: 79.793 GC heap after
{Heap after GC invocations=87 (full 0):
 garbage-first heap   total 263168K, used 106346K [0x0000000080000000, 0x0000000100000000)
  region size 1024K, 7 young (7168K), 7 survivors (7168K)
 Metaspace       used 131300K, committed 133632K, reserved 557056K
  class space    used 16834K, committed 17984K, reserved 425984K
}
Event: 80.607 GC heap before
{Heap before GC invocations=88 (full 0):
 garbage-first heap   total 263168K, used 246634K [0x0000000080000000, 0x0000000100000000)
  region size 1024K, 140 young (143360K), 7 survivors (7168K)
 Metaspace       used 131422K, committed 133696K, reserved 557056K
  class space    used 16834K, committed 17984K, reserved 425984K
}
Event: 80.680 GC heap after
{Heap after GC invocations=89 (full 0):
 garbage-first heap   total 309248K, used 165642K [0x0000000080000000, 0x0000000100000000)
  region size 1024K, 18 young (18432K), 18 survivors (18432K)
 Metaspace       used 131422K, committed 133696K, reserved 557056K
  class space    used 16834K, committed 17984K, reserved 425984K
}
Event: 81.461 GC heap before
{Heap before GC invocations=89 (full 0):
 garbage-first heap   total 309248K, used 269066K [0x0000000080000000, 0x0000000100000000)
  region size 1024K, 118 young (120832K), 18 survivors (18432K)
 Metaspace       used 131504K, committed 133760K, reserved 557056K
  class space    used 16834K, committed 17984K, reserved 425984K
}
Event: 81.519 GC heap after
{Heap after GC invocations=90 (full 0):
 garbage-first heap   total 309248K, used 177152K [0x0000000080000000, 0x0000000100000000)
  region size 1024K, 9 young (9216K), 9 survivors (9216K)
 Metaspace       used 131504K, committed 133760K, reserved 557056K
  class space    used 16834K, committed 17984K, reserved 425984K
}
Event: 81.746 GC heap before
{Heap before GC invocations=90 (full 0):
 garbage-first heap   total 309248K, used 206848K [0x0000000080000000, 0x0000000100000000)
  region size 1024K, 40 young (40960K), 9 survivors (9216K)
 Metaspace       used 131542K, committed 133824K, reserved 557056K
  class space    used 16838K, committed 17984K, reserved 425984K
}
Event: 81.764 GC heap after
{Heap after GC invocations=91 (full 0):
 garbage-first heap   total 309248K, used 187904K [0x0000000080000000, 0x0000000100000000)
  region size 1024K, 11 young (11264K), 11 survivors (11264K)
 Metaspace       used 131542K, committed 133824K, reserved 557056K
  class space    used 16838K, committed 17984K, reserved 425984K
}
Event: 82.295 GC heap before
{Heap before GC invocations=92 (full 0):
 garbage-first heap   total 342016K, used 262656K [0x0000000080000000, 0x0000000100000000)
  region size 1024K, 89 young (91136K), 11 survivors (11264K)
 Metaspace       used 131675K, committed 133888K, reserved 557056K
  class space    used 16857K, committed 17984K, reserved 425984K
}
Event: 82.316 GC heap after
{Heap after GC invocations=93 (full 0):
 garbage-first heap   total 342016K, used 193718K [0x0000000080000000, 0x0000000100000000)
  region size 1024K, 11 young (11264K), 11 survivors (11264K)
 Metaspace       used 131675K, committed 133888K, reserved 557056K
  class space    used 16857K, committed 17984K, reserved 425984K
}
Event: 82.771 GC heap before
{Heap before GC invocations=93 (full 0):
 garbage-first heap   total 342016K, used 294070K [0x0000000080000000, 0x0000000100000000)
  region size 1024K, 110 young (112640K), 11 survivors (11264K)
 Metaspace       used 131729K, committed 134016K, reserved 557056K
  class space    used 16857K, committed 17984K, reserved 425984K
}
Event: 82.789 GC heap after
{Heap after GC invocations=94 (full 0):
 garbage-first heap   total 342016K, used 174197K [0x0000000080000000, 0x0000000100000000)
  region size 1024K, 3 young (3072K), 3 survivors (3072K)
 Metaspace       used 131729K, committed 134016K, reserved 557056K
  class space    used 16857K, committed 17984K, reserved 425984K
}
Event: 83.484 GC heap before
{Heap before GC invocations=94 (full 0):
 garbage-first heap   total 342016K, used 292981K [0x0000000080000000, 0x0000000100000000)
  region size 1024K, 119 young (121856K), 3 survivors (3072K)
 Metaspace       used 131820K, committed 134080K, reserved 557056K
  class space    used 16857K, committed 17984K, reserved 425984K
}

