# JRE version: Java(TM) SE Runtime Environment (21.0.1+12) (build 21.0.1+12-LTS-29)
# Java VM: Java HotSpot(TM) 64-Bit Server VM (21.0.1+12-LTS-29, mixed mode, sharing, tiered, compressed oops, compressed class ptrs, g1 gc, windows-amd64)
GC Precious Log:
 CardTable entry size: 512
 Card Set container configuration: InlinePtr #cards 5 size 8 Array Of Cards #cards 12 size 40 Howl #buckets 4 coarsen threshold 1843 Howl Bitmap #cards 512 size 80 coarsen threshold 460 Card regions per heap region 1 cards per card region 2048
 CPUs: 8 total, 8 available
 Memory: 7991M
 Large Page Support: Disabled
 NUMA Support: Disabled
 Compressed Oops: Enabled (32-bit)
 Heap Region Size: 1M
 Heap Min Capacity: 8M
 Heap Initial Capacity: 126M
 Heap Max Capacity: 2G
 Pre-touch: Disabled
 Parallel Workers: 8
 Concurrent Workers: 2
 Concurrent Refinement Workers: 8
 Periodic GC: Disabled
Heap:
 garbage-first heap   total 280576K, used 61624K [0x0000000080000000, 0x0000000100000000)
  region size 1024K, 1 young (1024K), 1 survivors (1024K)
 Metaspace       used 50900K, committed 52416K, reserved 491520K
  class space    used 7084K, committed 7808K, reserved 425984K
GC Heap History (20 events):
Event: 10.025 GC heap after
{Heap after GC invocations=23 (full 0):
 garbage-first heap   total 194560K, used 56792K [0x0000000080000000, 0x0000000100000000)
  region size 1024K, 7 young (7168K), 7 survivors (7168K)
 Metaspace       used 50839K, committed 52352K, reserved 491520K
  class space    used 7076K, committed 7808K, reserved 425984K
}
Event: 10.225 GC heap before
{Heap before GC invocations=23 (full 0):
 garbage-first heap   total 194560K, used 166360K [0x0000000080000000, 0x0000000100000000)
  region size 1024K, 114 young (116736K), 7 survivors (7168K)
 Metaspace       used 50845K, committed 52352K, reserved 491520K
  class space    used 7076K, committed 7808K, reserved 425984K
}
Event: 10.232 GC heap after
{Heap after GC invocations=24 (full 0):
 garbage-first heap   total 194560K, used 57326K [0x0000000080000000, 0x0000000100000000)
  region size 1024K, 8 young (8192K), 8 survivors (8192K)
 Metaspace       used 50845K, committed 52352K, reserved 491520K
  class space    used 7076K, committed 7808K, reserved 425984K
}
Event: 10.489 GC heap before
{Heap before GC invocations=24 (full 0):
 garbage-first heap   total 194560K, used 165870K [0x0000000080000000, 0x0000000100000000)
  region size 1024K, 114 young (116736K), 8 survivors (8192K)
 Metaspace       used 50859K, committed 52416K, reserved 491520K
  class space    used 7076K, committed 7808K, reserved 425984K
}
Event: 10.496 GC heap after
{Heap after GC invocations=25 (full 0):
 garbage-first heap   total 233472K, used 58057K [0x0000000080000000, 0x0000000100000000)
  region size 1024K, 8 young (8192K), 8 survivors (8192K)
 Metaspace       used 50859K, committed 52416K, reserved 491520K
  class space    used 7076K, committed 7808K, reserved 425984K
}
Event: 10.793 GC heap before
{Heap before GC invocations=25 (full 0):
 garbage-first heap   total 233472K, used 189129K [0x0000000080000000, 0x0000000100000000)
  region size 1024K, 136 young (139264K), 8 survivors (8192K)
 Metaspace       used 50861K, committed 52416K, reserved 491520K
  class space    used 7076K, committed 7808K, reserved 425984K
}
Event: 10.801 GC heap after
{Heap after GC invocations=26 (full 0):
 garbage-first heap   total 233472K, used 58971K [0x0000000080000000, 0x0000000100000000)
  region size 1024K, 9 young (9216K), 9 survivors (9216K)
 Metaspace       used 50861K, committed 52416K, reserved 491520K
  class space    used 7076K, committed 7808K, reserved 425984K
}
Event: 11.083 GC heap before
{Heap before GC invocations=26 (full 0):
 garbage-first heap   total 233472K, used 189019K [0x0000000080000000, 0x0000000100000000)
  region size 1024K, 136 young (139264K), 9 survivors (9216K)
 Metaspace       used 50862K, committed 52416K, reserved 491520K
  class space    used 7076K, committed 7808K, reserved 425984K
}
Event: 11.092 GC heap after
{Heap after GC invocations=27 (full 0):
 garbage-first heap   total 233472K, used 59683K [0x0000000080000000, 0x0000000100000000)
  region size 1024K, 10 young (10240K), 10 survivors (10240K)
 Metaspace       used 50862K, committed 52416K, reserved 491520K
  class space    used 7076K, committed 7808K, reserved 425984K
}
Event: 11.433 GC heap before
{Heap before GC invocations=27 (full 0):
 garbage-first heap   total 233472K, used 188707K [0x0000000080000000, 0x0000000100000000)
  region size 1024K, 136 young (139264K), 10 survivors (10240K)
 Metaspace       used 50862K, committed 52416K, reserved 491520K
  class space    used 7076K, committed 7808K, reserved 425984K
}
Event: 11.441 GC heap after
{Heap after GC invocations=28 (full 0):
 garbage-first heap   total 233472K, used 60855K [0x0000000080000000, 0x0000000100000000)
  region size 1024K, 8 young (8192K), 8 survivors (8192K)
 Metaspace       used 50862K, committed 52416K, reserved 491520K
  class space    used 7076K, committed 7808K, reserved 425984K
}
Event: 11.712 GC heap before
{Heap before GC invocations=28 (full 0):
 garbage-first heap   total 233472K, used 191927K [0x0000000080000000, 0x0000000100000000)
  region size 1024K, 136 young (139264K), 8 survivors (8192K)
 Metaspace       used 50863K, committed 52416K, reserved 491520K
  class space    used 7076K, committed 7808K, reserved 425984K
}
Event: 12.724 GC heap after
{Heap after GC invocations=29 (full 0):
 garbage-first heap   total 280576K, used 62028K [0x0000000080000000, 0x0000000100000000)
  region size 1024K, 9 young (9216K), 9 survivors (9216K)
 Metaspace       used 50863K, committed 52416K, reserved 491520K
  class space    used 7076K, committed 7808K, reserved 425984K
}
Event: 12.735 GC heap before
{Heap before GC invocations=29 (full 0):
 garbage-first heap   total 280576K, used 66124K [0x0000000080000000, 0x0000000100000000)
  region size 1024K, 13 young (13312K), 9 survivors (9216K)
 Metaspace       used 50881K, committed 52416K, reserved 491520K
  class space    used 7079K, committed 7808K, reserved 425984K
}
Event: 12.740 GC heap after
{Heap after GC invocations=30 (full 0):
 garbage-first heap   total 280576K, used 62722K [0x0000000080000000, 0x0000000100000000)
  region size 1024K, 2 young (2048K), 2 survivors (2048K)
 Metaspace       used 50881K, committed 52416K, reserved 491520K
  class space    used 7079K, committed 7808K, reserved 425984K
}
Event: 12.753 GC heap before
{Heap before GC invocations=30 (full 0):
 garbage-first heap   total 280576K, used 73986K [0x0000000080000000, 0x0000000100000000)
  region size 1024K, 13 young (13312K), 2 survivors (2048K)
 Metaspace       used 50900K, committed 52416K, reserved 491520K
  class space    used 7084K, committed 7808K, reserved 425984K
}
Event: 12.755 GC heap after
{Heap after GC invocations=31 (full 0):
 garbage-first heap   total 280576K, used 61711K [0x0000000080000000, 0x0000000100000000)
  region size 1024K, 1 young (1024K), 1 survivors (1024K)
 Metaspace       used 50900K, committed 52416K, reserved 491520K
  class space    used 7084K, committed 7808K, reserved 425984K
}
Event: 12.766 GC heap before
{Heap before GC invocations=31 (full 0):
 garbage-first heap   total 280576K, used 73999K [0x0000000080000000, 0x0000000100000000)
  region size 1024K, 13 young (13312K), 1 survivors (1024K)
 Metaspace       used 50900K, committed 52416K, reserved 491520K
  class space    used 7084K, committed 7808K, reserved 425984K
}
Event: 12.768 GC heap after
{Heap after GC invocations=32 (full 0):
 garbage-first heap   total 280576K, used 61500K [0x0000000080000000, 0x0000000100000000)
  region size 1024K, 1 young (1024K), 1 survivors (1024K)
 Metaspace       used 50900K, committed 52416K, reserved 491520K
  class space    used 7084K, committed 7808K, reserved 425984K
}
Event: 12.779 GC heap before
{Heap before GC invocations=32 (full 0):
 garbage-first heap   total 280576K, used 73788K [0x0000000080000000, 0x0000000100000000)
  region size 1024K, 13 young (13312K), 1 survivors (1024K)
 Metaspace       used 50900K, committed 52416K, reserved 491520K
  class space    used 7084K, committed 7808K, reserved 425984K
}

