# JRE version: OpenJDK Runtime Environment Temurin-21.0.8+9 (21.0.8+9) (build 21.0.8+9-LTS)
# Java VM: OpenJDK 64-Bit Server VM Temurin-21.0.8+9 (21.0.8+9-LTS, mixed mode, sharing, tiered, compressed oops, compressed class ptrs, parallel gc, windows-amd64)
GC Precious Log:
 CardTable entry size: 512
 CPUs: 8 total, 8 available
 Memory: 7991M
 Large Page Support: Disabled
 NUMA Support: Disabled
 Compressed Oops: Enabled (32-bit)
 Alignments: Space 512K, Generation 512K, Heap 2M
 Heap Min Capacity: 100M
 Heap Initial Capacity: 100M
 Heap Max Capacity: 2G
 Pre-touch: Disabled
 Parallel Workers: 8
Heap:
 PSYoungGen      total 21504K, used 9017K [0x00000000d5580000, 0x00000000d6c00000, 0x0000000100000000)
  eden space 19968K, 38% used [0x00000000d5580000,0x00000000d5d0f0a0,0x00000000d6900000)
  from space 1536K, 83% used [0x00000000d6980000,0x00000000d6abf520,0x00000000d6b00000)
  to   space 1024K, 0% used [0x00000000d6b00000,0x00000000d6b00000,0x00000000d6c00000)
 ParOldGen       total 68608K, used 58069K [0x0000000080000000, 0x0000000084300000, 0x00000000d5580000)
  object space 68608K, 84% used [0x0000000080000000,0x00000000838b5580,0x0000000084300000)
 Metaspace       used 15385K, committed 16192K, reserved 1114112K
  class space    used 1350K, committed 1664K, reserved 1048576K
GC Heap History (20 events):
Event: 48.104 GC heap before
{Heap before GC invocations=26 (full 0):
 PSYoungGen      total 23552K, used 23112K [0x00000000d5580000, 0x00000000d6f00000, 0x0000000100000000)
  eden space 20992K, 100% used [0x00000000d5580000,0x00000000d6a00000,0x00000000d6a00000)
  from space 2560K, 82% used [0x00000000d6a00000,0x00000000d6c122b0,0x00000000d6c80000)
  to   space 2560K, 0% used [0x00000000d6c80000,0x00000000d6c80000,0x00000000d6f00000)
 ParOldGen       total 68608K, used 47723K [0x0000000080000000, 0x0000000084300000, 0x00000000d5580000)
  object space 68608K, 69% used [0x0000000080000000,0x0000000082e9afe8,0x0000000084300000)
 Metaspace       used 12272K, committed 12928K, reserved 1114112K
  class space    used 1064K, committed 1344K, reserved 1048576K
}
Event: 48.112 GC heap after
{Heap after GC invocations=26 (full 0):
 PSYoungGen      total 22016K, used 960K [0x00000000d5580000, 0x00000000d6d80000, 0x0000000100000000)
  eden space 20992K, 0% used [0x00000000d5580000,0x00000000d5580000,0x00000000d6a00000)
  from space 1024K, 93% used [0x00000000d6c80000,0x00000000d6d70000,0x00000000d6d80000)
  to   space 1536K, 0% used [0x00000000d6a80000,0x00000000d6a80000,0x00000000d6c00000)
 ParOldGen       total 68608K, used 49738K [0x0000000080000000, 0x0000000084300000, 0x00000000d5580000)
  object space 68608K, 72% used [0x0000000080000000,0x0000000083092ac0,0x0000000084300000)
 Metaspace       used 12272K, committed 12928K, reserved 1114112K
  class space    used 1064K, committed 1344K, reserved 1048576K
}
Event: 49.349 GC heap before
{Heap before GC invocations=27 (full 0):
 PSYoungGen      total 22016K, used 21952K [0x00000000d5580000, 0x00000000d6d80000, 0x0000000100000000)
  eden space 20992K, 100% used [0x00000000d5580000,0x00000000d6a00000,0x00000000d6a00000)
  from space 1024K, 93% used [0x00000000d6c80000,0x00000000d6d70000,0x00000000d6d80000)
  to   space 1536K, 0% used [0x00000000d6a80000,0x00000000d6a80000,0x00000000d6c00000)
 ParOldGen       total 68608K, used 49738K [0x0000000080000000, 0x0000000084300000, 0x00000000d5580000)
  object space 68608K, 72% used [0x0000000080000000,0x0000000083092ac0,0x0000000084300000)
 Metaspace       used 12654K, committed 13248K, reserved 1114112K
  class space    used 1092K, committed 1344K, reserved 1048576K
}
Event: 49.355 GC heap after
{Heap after GC invocations=27 (full 0):
 PSYoungGen      total 22528K, used 925K [0x00000000d5580000, 0x00000000d6d00000, 0x0000000100000000)
  eden space 20992K, 0% used [0x00000000d5580000,0x00000000d5580000,0x00000000d6a00000)
  from space 1536K, 60% used [0x00000000d6a80000,0x00000000d6b67620,0x00000000d6c00000)
  to   space 1024K, 0% used [0x00000000d6c00000,0x00000000d6c00000,0x00000000d6d00000)
 ParOldGen       total 68608K, used 50498K [0x0000000080000000, 0x0000000084300000, 0x00000000d5580000)
  object space 68608K, 73% used [0x0000000080000000,0x0000000083150ac0,0x0000000084300000)
 Metaspace       used 12654K, committed 13248K, reserved 1114112K
  class space    used 1092K, committed 1344K, reserved 1048576K
}
Event: 50.578 GC heap before
{Heap before GC invocations=28 (full 0):
 PSYoungGen      total 22528K, used 21917K [0x00000000d5580000, 0x00000000d6d00000, 0x0000000100000000)
  eden space 20992K, 100% used [0x00000000d5580000,0x00000000d6a00000,0x00000000d6a00000)
  from space 1536K, 60% used [0x00000000d6a80000,0x00000000d6b67620,0x00000000d6c00000)
  to   space 1024K, 0% used [0x00000000d6c00000,0x00000000d6c00000,0x00000000d6d00000)
 ParOldGen       total 68608K, used 50498K [0x0000000080000000, 0x0000000084300000, 0x00000000d5580000)
  object space 68608K, 73% used [0x0000000080000000,0x0000000083150ac0,0x0000000084300000)
 Metaspace       used 13001K, committed 13632K, reserved 1114112K
  class space    used 1100K, committed 1344K, reserved 1048576K
}
Event: 50.580 GC heap after
{Heap after GC invocations=28 (full 0):
 PSYoungGen      total 22016K, used 1016K [0x00000000d5580000, 0x00000000d6e00000, 0x0000000100000000)
  eden space 20992K, 0% used [0x00000000d5580000,0x00000000d5580000,0x00000000d6a00000)
  from space 1024K, 99% used [0x00000000d6c00000,0x00000000d6cfe238,0x00000000d6d00000)
  to   space 2048K, 0% used [0x00000000d6a00000,0x00000000d6a00000,0x00000000d6c00000)
 ParOldGen       total 68608K, used 51338K [0x0000000080000000, 0x0000000084300000, 0x00000000d5580000)
  object space 68608K, 74% used [0x0000000080000000,0x0000000083222ac0,0x0000000084300000)
 Metaspace       used 13001K, committed 13632K, reserved 1114112K
  class space    used 1100K, committed 1344K, reserved 1048576K
}
Event: 51.297 GC heap before
{Heap before GC invocations=29 (full 0):
 PSYoungGen      total 22016K, used 22008K [0x00000000d5580000, 0x00000000d6e00000, 0x0000000100000000)
  eden space 20992K, 100% used [0x00000000d5580000,0x00000000d6a00000,0x00000000d6a00000)
  from space 1024K, 99% used [0x00000000d6c00000,0x00000000d6cfe238,0x00000000d6d00000)
  to   space 2048K, 0% used [0x00000000d6a00000,0x00000000d6a00000,0x00000000d6c00000)
 ParOldGen       total 68608K, used 51338K [0x0000000080000000, 0x0000000084300000, 0x00000000d5580000)
  object space 68608K, 74% used [0x0000000080000000,0x0000000083222ac0,0x0000000084300000)
 Metaspace       used 13547K, committed 14144K, reserved 1114112K
  class space    used 1140K, committed 1344K, reserved 1048576K
}
Event: 51.303 GC heap after
{Heap after GC invocations=29 (full 0):
 PSYoungGen      total 22528K, used 1107K [0x00000000d5580000, 0x00000000d6d00000, 0x0000000100000000)
  eden space 20992K, 0% used [0x00000000d5580000,0x00000000d5580000,0x00000000d6a00000)
  from space 1536K, 72% used [0x00000000d6a00000,0x00000000d6b14e68,0x00000000d6b80000)
  to   space 1536K, 0% used [0x00000000d6b80000,0x00000000d6b80000,0x00000000d6d00000)
 ParOldGen       total 68608K, used 52136K [0x0000000080000000, 0x0000000084300000, 0x00000000d5580000)
  object space 68608K, 75% used [0x0000000080000000,0x00000000832ea258,0x0000000084300000)
 Metaspace       used 13547K, committed 14144K, reserved 1114112K
  class space    used 1140K, committed 1344K, reserved 1048576K
}
Event: 51.609 GC heap before
{Heap before GC invocations=30 (full 0):
 PSYoungGen      total 22528K, used 22099K [0x00000000d5580000, 0x00000000d6d00000, 0x0000000100000000)
  eden space 20992K, 100% used [0x00000000d5580000,0x00000000d6a00000,0x00000000d6a00000)
  from space 1536K, 72% used [0x00000000d6a00000,0x00000000d6b14e68,0x00000000d6b80000)
  to   space 1536K, 0% used [0x00000000d6b80000,0x00000000d6b80000,0x00000000d6d00000)
 ParOldGen       total 68608K, used 52136K [0x0000000080000000, 0x0000000084300000, 0x00000000d5580000)
  object space 68608K, 75% used [0x0000000080000000,0x00000000832ea258,0x0000000084300000)
 Metaspace       used 13696K, committed 14400K, reserved 1114112K
  class space    used 1153K, committed 1408K, reserved 1048576K
}
Event: 51.612 GC heap after
{Heap after GC invocations=30 (full 0):
 PSYoungGen      total 22016K, used 721K [0x00000000d5580000, 0x00000000d6c80000, 0x0000000100000000)
  eden space 20992K, 0% used [0x00000000d5580000,0x00000000d5580000,0x00000000d6a00000)
  from space 1024K, 70% used [0x00000000d6b80000,0x00000000d6c347d8,0x00000000d6c80000)
  to   space 1024K, 0% used [0x00000000d6a80000,0x00000000d6a80000,0x00000000d6b80000)
 ParOldGen       total 68608K, used 53042K [0x0000000080000000, 0x0000000084300000, 0x00000000d5580000)
  object space 68608K, 77% used [0x0000000080000000,0x00000000833cc9e0,0x0000000084300000)
 Metaspace       used 13696K, committed 14400K, reserved 1114112K
  class space    used 1153K, committed 1408K, reserved 1048576K
}
Event: 51.813 GC heap before
{Heap before GC invocations=31 (full 0):
 PSYoungGen      total 22016K, used 21713K [0x00000000d5580000, 0x00000000d6c80000, 0x0000000100000000)
  eden space 20992K, 100% used [0x00000000d5580000,0x00000000d6a00000,0x00000000d6a00000)
  from space 1024K, 70% used [0x00000000d6b80000,0x00000000d6c347d8,0x00000000d6c80000)
  to   space 1024K, 0% used [0x00000000d6a80000,0x00000000d6a80000,0x00000000d6b80000)
 ParOldGen       total 68608K, used 53042K [0x0000000080000000, 0x0000000084300000, 0x00000000d5580000)
  object space 68608K, 77% used [0x0000000080000000,0x00000000833cc9e0,0x0000000084300000)
 Metaspace       used 13716K, committed 14400K, reserved 1114112K
  class space    used 1155K, committed 1408K, reserved 1048576K
}
Event: 51.814 GC heap after
{Heap after GC invocations=31 (full 0):
 PSYoungGen      total 22016K, used 642K [0x00000000d5580000, 0x00000000d6c00000, 0x0000000100000000)
  eden space 20992K, 0% used [0x00000000d5580000,0x00000000d5580000,0x00000000d6a00000)
  from space 1024K, 62% used [0x00000000d6a80000,0x00000000d6b20b78,0x00000000d6b80000)
  to   space 512K, 0% used [0x00000000d6b80000,0x00000000d6b80000,0x00000000d6c00000)
 ParOldGen       total 68608K, used 53673K [0x0000000080000000, 0x0000000084300000, 0x00000000d5580000)
  object space 68608K, 78% used [0x0000000080000000,0x000000008346a598,0x0000000084300000)
 Metaspace       used 13716K, committed 14400K, reserved 1114112K
  class space    used 1155K, committed 1408K, reserved 1048576K
}
Event: 52.331 GC heap before
{Heap before GC invocations=32 (full 0):
 PSYoungGen      total 22016K, used 21634K [0x00000000d5580000, 0x00000000d6c00000, 0x0000000100000000)
  eden space 20992K, 100% used [0x00000000d5580000,0x00000000d6a00000,0x00000000d6a00000)
  from space 1024K, 62% used [0x00000000d6a80000,0x00000000d6b20b78,0x00000000d6b80000)
  to   space 512K, 0% used [0x00000000d6b80000,0x00000000d6b80000,0x00000000d6c00000)
 ParOldGen       total 68608K, used 53673K [0x0000000080000000, 0x0000000084300000, 0x00000000d5580000)
  object space 68608K, 78% used [0x0000000080000000,0x000000008346a598,0x0000000084300000)
 Metaspace       used 13940K, committed 14592K, reserved 1114112K
  class space    used 1177K, committed 1408K, reserved 1048576K
}
Event: 52.334 GC heap after
{Heap after GC invocations=32 (full 0):
 PSYoungGen      total 20480K, used 512K [0x00000000d5580000, 0x00000000d6f00000, 0x0000000100000000)
  eden space 19968K, 0% used [0x00000000d5580000,0x00000000d5580000,0x00000000d6900000)
  from space 512K, 100% used [0x00000000d6b80000,0x00000000d6c00000,0x00000000d6c00000)
  to   space 2560K, 0% used [0x00000000d6900000,0x00000000d6900000,0x00000000d6b80000)
 ParOldGen       total 68608K, used 55017K [0x0000000080000000, 0x0000000084300000, 0x00000000d5580000)
  object space 68608K, 80% used [0x0000000080000000,0x00000000835ba550,0x0000000084300000)
 Metaspace       used 13940K, committed 14592K, reserved 1114112K
  class space    used 1177K, committed 1408K, reserved 1048576K
}
Event: 53.180 GC heap before
{Heap before GC invocations=33 (full 0):
 PSYoungGen      total 20480K, used 20480K [0x00000000d5580000, 0x00000000d6f00000, 0x0000000100000000)
  eden space 19968K, 100% used [0x00000000d5580000,0x00000000d6900000,0x00000000d6900000)
  from space 512K, 100% used [0x00000000d6b80000,0x00000000d6c00000,0x00000000d6c00000)
  to   space 2560K, 0% used [0x00000000d6900000,0x00000000d6900000,0x00000000d6b80000)
 ParOldGen       total 68608K, used 55017K [0x0000000080000000, 0x0000000084300000, 0x00000000d5580000)
  object space 68608K, 80% used [0x0000000080000000,0x00000000835ba550,0x0000000084300000)
 Metaspace       used 14504K, committed 15168K, reserved 1114112K
  class space    used 1246K, committed 1472K, reserved 1048576K
}
Event: 53.184 GC heap after
{Heap after GC invocations=33 (full 0):
 PSYoungGen      total 22528K, used 2144K [0x00000000d5580000, 0x00000000d6e00000, 0x0000000100000000)
  eden space 19968K, 0% used [0x00000000d5580000,0x00000000d5580000,0x00000000d6900000)
  from space 2560K, 83% used [0x00000000d6900000,0x00000000d6b18000,0x00000000d6b80000)
  to   space 2560K, 0% used [0x00000000d6b80000,0x00000000d6b80000,0x00000000d6e00000)
 ParOldGen       total 68608K, used 55473K [0x0000000080000000, 0x0000000084300000, 0x00000000d5580000)
  object space 68608K, 80% used [0x0000000080000000,0x000000008362c550,0x0000000084300000)
 Metaspace       used 14504K, committed 15168K, reserved 1114112K
  class space    used 1246K, committed 1472K, reserved 1048576K
}
Event: 53.857 GC heap before
{Heap before GC invocations=34 (full 0):
 PSYoungGen      total 22528K, used 21373K [0x00000000d5580000, 0x00000000d6e00000, 0x0000000100000000)
  eden space 19968K, 96% used [0x00000000d5580000,0x00000000d6847448,0x00000000d6900000)
  from space 2560K, 83% used [0x00000000d6900000,0x00000000d6b18000,0x00000000d6b80000)
  to   space 2560K, 0% used [0x00000000d6b80000,0x00000000d6b80000,0x00000000d6e00000)
 ParOldGen       total 68608K, used 55473K [0x0000000080000000, 0x0000000084300000, 0x00000000d5580000)
  object space 68608K, 80% used [0x0000000080000000,0x000000008362c550,0x0000000084300000)
 Metaspace       used 15000K, committed 15680K, reserved 1114112K
  class space    used 1323K, committed 1600K, reserved 1048576K
}
Event: 53.865 GC heap after
{Heap after GC invocations=34 (full 0):
 PSYoungGen      total 22016K, used 1645K [0x00000000d5580000, 0x00000000d6d80000, 0x0000000100000000)
  eden space 19968K, 0% used [0x00000000d5580000,0x00000000d5580000,0x00000000d6900000)
  from space 2048K, 80% used [0x00000000d6b80000,0x00000000d6d1b510,0x00000000d6d80000)
  to   space 2048K, 0% used [0x00000000d6980000,0x00000000d6980000,0x00000000d6b80000)
 ParOldGen       total 68608K, used 57389K [0x0000000080000000, 0x0000000084300000, 0x00000000d5580000)
  object space 68608K, 83% used [0x0000000080000000,0x000000008380b580,0x0000000084300000)
 Metaspace       used 15000K, committed 15680K, reserved 1114112K
  class space    used 1323K, committed 1600K, reserved 1048576K
}
Event: 54.564 GC heap before
{Heap before GC invocations=35 (full 0):
 PSYoungGen      total 22016K, used 21613K [0x00000000d5580000, 0x00000000d6d80000, 0x0000000100000000)
  eden space 19968K, 100% used [0x00000000d5580000,0x00000000d6900000,0x00000000d6900000)
  from space 2048K, 80% used [0x00000000d6b80000,0x00000000d6d1b510,0x00000000d6d80000)
  to   space 2048K, 0% used [0x00000000d6980000,0x00000000d6980000,0x00000000d6b80000)
 ParOldGen       total 68608K, used 57389K [0x0000000080000000, 0x0000000084300000, 0x00000000d5580000)
  object space 68608K, 83% used [0x0000000080000000,0x000000008380b580,0x0000000084300000)
 Metaspace       used 15181K, committed 15936K, reserved 1114112K
  class space    used 1338K, committed 1600K, reserved 1048576K
}
Event: 54.571 GC heap after
{Heap after GC invocations=35 (full 0):
 PSYoungGen      total 21504K, used 1277K [0x00000000d5580000, 0x00000000d6c00000, 0x0000000100000000)
  eden space 19968K, 0% used [0x00000000d5580000,0x00000000d5580000,0x00000000d6900000)
  from space 1536K, 83% used [0x00000000d6980000,0x00000000d6abf520,0x00000000d6b00000)
  to   space 1024K, 0% used [0x00000000d6b00000,0x00000000d6b00000,0x00000000d6c00000)
 ParOldGen       total 68608K, used 58069K [0x0000000080000000, 0x0000000084300000, 0x00000000d5580000)
  object space 68608K, 84% used [0x0000000080000000,0x00000000838b5580,0x0000000084300000)
 Metaspace       used 15181K, committed 15936K, reserved 1114112K
  class space    used 1338K, committed 1600K, reserved 1048576K
}

