# JRE version: Java(TM) SE Runtime Environment (21.0.1+12) (build 21.0.1+12-LTS-29)
# Java VM: Java HotSpot(TM) 64-Bit Server VM (21.0.1+12-LTS-29, mixed mode, sharing, tiered, compressed oops, compressed class ptrs, g1 gc, windows-amd64)
GC Precious Log:
 CardTable entry size: 512
 Card Set container configuration: InlinePtr #cards 5 size 8 Array Of Cards #cards 12 size 40 Howl #buckets 4 coarsen threshold 1843 Howl Bitmap #cards 512 size 80 coarsen threshold 460 Card regions per heap region 1 cards per card region 2048
 CPUs: 8 total, 8 available
 Memory: 7991M
 Large Page Support: Disabled
 NUMA Support: Disabled
 Compressed Oops: Enabled (32-bit)
 Heap Region Size: 1M
 Heap Min Capacity: 8M
 Heap Initial Capacity: 126M
 Heap Max Capacity: 2G
 Pre-touch: Disabled
 Parallel Workers: 8
 Concurrent Workers: 2
 Concurrent Refinement Workers: 8
 Periodic GC: Disabled
Heap:
 garbage-first heap   total 393216K, used 63843K [0x0000000080000000, 0x0000000100000000)
  region size 1024K, 1 young (1024K), 1 survivors (1024K)
 Metaspace       used 48741K, committed 50240K, reserved 491520K
  class space    used 6852K, committed 7616K, reserved 425984K
GC Heap History (20 events):
Event: 13.330 GC heap after
{Heap after GC invocations=35 (full 0):
 garbage-first heap   total 272384K, used 57208K [0x0000000080000000, 0x0000000100000000)
  region size 1024K, 12 young (12288K), 12 survivors (12288K)
 Metaspace       used 48729K, committed 50240K, reserved 491520K
  class space    used 6852K, committed 7616K, reserved 425984K
}
Event: 13.592 GC heap before
{Heap before GC invocations=35 (full 0):
 garbage-first heap   total 272384K, used 207736K [0x0000000080000000, 0x0000000100000000)
  region size 1024K, 159 young (162816K), 12 survivors (12288K)
 Metaspace       used 48737K, committed 50240K, reserved 491520K
  class space    used 6852K, committed 7616K, reserved 425984K
}
Event: 13.601 GC heap after
{Heap after GC invocations=36 (full 0):
 garbage-first heap   total 272384K, used 57705K [0x0000000080000000, 0x0000000100000000)
  region size 1024K, 12 young (12288K), 12 survivors (12288K)
 Metaspace       used 48737K, committed 50240K, reserved 491520K
  class space    used 6852K, committed 7616K, reserved 425984K
}
Event: 13.853 GC heap before
{Heap before GC invocations=36 (full 0):
 garbage-first heap   total 272384K, used 208233K [0x0000000080000000, 0x0000000100000000)
  region size 1024K, 159 young (162816K), 12 survivors (12288K)
 Metaspace       used 48737K, committed 50240K, reserved 491520K
  class space    used 6852K, committed 7616K, reserved 425984K
}
Event: 13.860 GC heap after
{Heap after GC invocations=37 (full 0):
 garbage-first heap   total 327680K, used 59235K [0x0000000080000000, 0x0000000100000000)
  region size 1024K, 12 young (12288K), 12 survivors (12288K)
 Metaspace       used 48737K, committed 50240K, reserved 491520K
  class space    used 6852K, committed 7616K, reserved 425984K
}
Event: 14.130 GC heap before
{Heap before GC invocations=37 (full 0):
 garbage-first heap   total 327680K, used 243555K [0x0000000080000000, 0x0000000100000000)
  region size 1024K, 192 young (196608K), 12 survivors (12288K)
 Metaspace       used 48737K, committed 50240K, reserved 491520K
  class space    used 6852K, committed 7616K, reserved 425984K
}
Event: 14.138 GC heap after
{Heap after GC invocations=38 (full 0):
 garbage-first heap   total 327680K, used 59762K [0x0000000080000000, 0x0000000100000000)
  region size 1024K, 13 young (13312K), 13 survivors (13312K)
 Metaspace       used 48737K, committed 50240K, reserved 491520K
  class space    used 6852K, committed 7616K, reserved 425984K
}
Event: 14.418 GC heap before
{Heap before GC invocations=38 (full 0):
 garbage-first heap   total 327680K, used 243058K [0x0000000080000000, 0x0000000100000000)
  region size 1024K, 192 young (196608K), 13 survivors (13312K)
 Metaspace       used 48738K, committed 50240K, reserved 491520K
  class space    used 6852K, committed 7616K, reserved 425984K
}
Event: 14.426 GC heap after
{Heap after GC invocations=39 (full 0):
 garbage-first heap   total 327680K, used 61393K [0x0000000080000000, 0x0000000100000000)
  region size 1024K, 14 young (14336K), 14 survivors (14336K)
 Metaspace       used 48738K, committed 50240K, reserved 491520K
  class space    used 6852K, committed 7616K, reserved 425984K
}
Event: 14.670 GC heap before
{Heap before GC invocations=39 (full 0):
 garbage-first heap   total 327680K, used 244689K [0x0000000080000000, 0x0000000100000000)
  region size 1024K, 192 young (196608K), 14 survivors (14336K)
 Metaspace       used 48739K, committed 50240K, reserved 491520K
  class space    used 6852K, committed 7616K, reserved 425984K
}
Event: 14.678 GC heap after
{Heap after GC invocations=40 (full 0):
 garbage-first heap   total 327680K, used 62661K [0x0000000080000000, 0x0000000100000000)
  region size 1024K, 15 young (15360K), 15 survivors (15360K)
 Metaspace       used 48739K, committed 50240K, reserved 491520K
  class space    used 6852K, committed 7616K, reserved 425984K
}
Event: 15.002 GC heap before
{Heap before GC invocations=40 (full 0):
 garbage-first heap   total 327680K, used 243909K [0x0000000080000000, 0x0000000100000000)
  region size 1024K, 192 young (196608K), 15 survivors (15360K)
 Metaspace       used 48741K, committed 50240K, reserved 491520K
  class space    used 6852K, committed 7616K, reserved 425984K
}
Event: 16.013 GC heap after
{Heap after GC invocations=41 (full 0):
 garbage-first heap   total 393216K, used 63838K [0x0000000080000000, 0x0000000100000000)
  region size 1024K, 14 young (14336K), 14 survivors (14336K)
 Metaspace       used 48741K, committed 50240K, reserved 491520K
  class space    used 6852K, committed 7616K, reserved 425984K
}
Event: 16.033 GC heap before
{Heap before GC invocations=41 (full 0):
 garbage-first heap   total 393216K, used 68958K [0x0000000080000000, 0x0000000100000000)
  region size 1024K, 19 young (19456K), 14 survivors (14336K)
 Metaspace       used 48741K, committed 50240K, reserved 491520K
  class space    used 6852K, committed 7616K, reserved 425984K
}
Event: 16.040 GC heap after
{Heap after GC invocations=42 (full 0):
 garbage-first heap   total 393216K, used 65060K [0x0000000080000000, 0x0000000100000000)
  region size 1024K, 3 young (3072K), 3 survivors (3072K)
 Metaspace       used 48741K, committed 50240K, reserved 491520K
  class space    used 6852K, committed 7616K, reserved 425984K
}
Event: 16.074 GC heap before
{Heap before GC invocations=42 (full 0):
 garbage-first heap   total 393216K, used 81444K [0x0000000080000000, 0x0000000100000000)
  region size 1024K, 19 young (19456K), 3 survivors (3072K)
 Metaspace       used 48741K, committed 50240K, reserved 491520K
  class space    used 6852K, committed 7616K, reserved 425984K
}
Event: 16.076 GC heap after
{Heap after GC invocations=43 (full 0):
 garbage-first heap   total 393216K, used 64126K [0x0000000080000000, 0x0000000100000000)
  region size 1024K, 2 young (2048K), 2 survivors (2048K)
 Metaspace       used 48741K, committed 50240K, reserved 491520K
  class space    used 6852K, committed 7616K, reserved 425984K
}
Event: 16.106 GC heap before
{Heap before GC invocations=43 (full 0):
 garbage-first heap   total 393216K, used 81534K [0x0000000080000000, 0x0000000100000000)
  region size 1024K, 19 young (19456K), 2 survivors (2048K)
 Metaspace       used 48741K, committed 50240K, reserved 491520K
  class space    used 6852K, committed 7616K, reserved 425984K
}
Event: 16.109 GC heap after
{Heap after GC invocations=44 (full 0):
 garbage-first heap   total 393216K, used 63897K [0x0000000080000000, 0x0000000100000000)
  region size 1024K, 1 young (1024K), 1 survivors (1024K)
 Metaspace       used 48741K, committed 50240K, reserved 491520K
  class space    used 6852K, committed 7616K, reserved 425984K
}
Event: 16.138 GC heap before
{Heap before GC invocations=44 (full 0):
 garbage-first heap   total 393216K, used 82329K [0x0000000080000000, 0x0000000100000000)
  region size 1024K, 19 young (19456K), 1 survivors (1024K)
 Metaspace       used 48741K, committed 50240K, reserved 491520K
  class space    used 6852K, committed 7616K, reserved 425984K
}

