# JRE version: OpenJDK Runtime Environment Temurin-21.0.8+9 (21.0.8+9) (build 21.0.8+9-LTS)
# Java VM: OpenJDK 64-Bit Server VM Temurin-21.0.8+9 (21.0.8+9-LTS, mixed mode, sharing, tiered, compressed oops, compressed class ptrs, parallel gc, windows-amd64)
GC Precious Log:
 CardTable entry size: 512
 CPUs: 8 total, 8 available
 Memory: 7991M
 Large Page Support: Disabled
 NUMA Support: Disabled
 Compressed Oops: Enabled (32-bit)
 Alignments: Space 512K, Generation 512K, Heap 2M
 Heap Min Capacity: 100M
 Heap Initial Capacity: 100M
 Heap Max Capacity: 2G
 Pre-touch: Disabled
 Parallel Workers: 8
Heap:
 PSYoungGen      total 9216K, used 3480K [0x00000000d5580000, 0x00000000d6280000, 0x0000000100000000)
  eden space 8704K, 34% used [0x00000000d5580000,0x00000000d5868c68,0x00000000d5e00000)
  from space 512K, 97% used [0x00000000d6000000,0x00000000d607d690,0x00000000d6080000)
  to   space 2048K, 0% used [0x00000000d5e00000,0x00000000d5e00000,0x00000000d6000000)
 ParOldGen       total 260608K, used 260439K [0x0000000080000000, 0x000000008fe80000, 0x00000000d5580000)
  object space 260608K, 99% used [0x0000000080000000,0x000000008fe55c30,0x000000008fe80000)
 Metaspace       used 26157K, committed 27264K, reserved 1114112K
  class space    used 2614K, committed 3136K, reserved 1048576K
GC Heap History (20 events):
Event: 239.903 GC heap before
{Heap before GC invocations=553 (full 1):
 PSYoungGen      total 10240K, used 10240K [0x00000000d5580000, 0x00000000d6180000, 0x0000000100000000)
  eden space 9216K, 100% used [0x00000000d5580000,0x00000000d5e80000,0x00000000d5e80000)
  from space 1024K, 100% used [0x00000000d5e80000,0x00000000d5f80000,0x00000000d5f80000)
  to   space 1536K, 0% used [0x00000000d6000000,0x00000000d6000000,0x00000000d6180000)
 ParOldGen       total 251904K, used 251773K [0x0000000080000000, 0x000000008f600000, 0x00000000d5580000)
  object space 251904K, 99% used [0x0000000080000000,0x000000008f5df7f8,0x000000008f600000)
 Metaspace       used 26122K, committed 27264K, reserved 1114112K
  class space    used 2614K, committed 3136K, reserved 1048576K
}
Event: 239.916 GC heap after
{Heap after GC invocations=553 (full 1):
 PSYoungGen      total 10752K, used 1014K [0x00000000d5580000, 0x00000000d6180000, 0x0000000100000000)
  eden space 9216K, 0% used [0x00000000d5580000,0x00000000d5580000,0x00000000d5e80000)
  from space 1536K, 66% used [0x00000000d6000000,0x00000000d60fd808,0x00000000d6180000)
  to   space 1536K, 0% used [0x00000000d5e80000,0x00000000d5e80000,0x00000000d6000000)
 ParOldGen       total 252928K, used 252725K [0x0000000080000000, 0x000000008f700000, 0x00000000d5580000)
  object space 252928K, 99% used [0x0000000080000000,0x000000008f6cd7f8,0x000000008f700000)
 Metaspace       used 26122K, committed 27264K, reserved 1114112K
  class space    used 2614K, committed 3136K, reserved 1048576K
}
Event: 240.036 GC heap before
{Heap before GC invocations=554 (full 1):
 PSYoungGen      total 10752K, used 10230K [0x00000000d5580000, 0x00000000d6180000, 0x0000000100000000)
  eden space 9216K, 100% used [0x00000000d5580000,0x00000000d5e80000,0x00000000d5e80000)
  from space 1536K, 66% used [0x00000000d6000000,0x00000000d60fd808,0x00000000d6180000)
  to   space 1536K, 0% used [0x00000000d5e80000,0x00000000d5e80000,0x00000000d6000000)
 ParOldGen       total 252928K, used 252725K [0x0000000080000000, 0x000000008f700000, 0x00000000d5580000)
  object space 252928K, 99% used [0x0000000080000000,0x000000008f6cd7f8,0x000000008f700000)
 Metaspace       used 26122K, committed 27264K, reserved 1114112K
  class space    used 2614K, committed 3136K, reserved 1048576K
}
Event: 240.049 GC heap after
{Heap after GC invocations=554 (full 1):
 PSYoungGen      total 10240K, used 1003K [0x00000000d5580000, 0x00000000d6080000, 0x0000000100000000)
  eden space 9216K, 0% used [0x00000000d5580000,0x00000000d5580000,0x00000000d5e80000)
  from space 1024K, 98% used [0x00000000d5e80000,0x00000000d5f7ae60,0x00000000d5f80000)
  to   space 1024K, 0% used [0x00000000d5f80000,0x00000000d5f80000,0x00000000d6080000)
 ParOldGen       total 253440K, used 253413K [0x0000000080000000, 0x000000008f780000, 0x00000000d5580000)
  object space 253440K, 99% used [0x0000000080000000,0x000000008f7797f8,0x000000008f780000)
 Metaspace       used 26122K, committed 27264K, reserved 1114112K
  class space    used 2614K, committed 3136K, reserved 1048576K
}
Event: 240.229 GC heap before
{Heap before GC invocations=555 (full 1):
 PSYoungGen      total 10240K, used 10219K [0x00000000d5580000, 0x00000000d6080000, 0x0000000100000000)
  eden space 9216K, 100% used [0x00000000d5580000,0x00000000d5e80000,0x00000000d5e80000)
  from space 1024K, 98% used [0x00000000d5e80000,0x00000000d5f7ae60,0x00000000d5f80000)
  to   space 1024K, 0% used [0x00000000d5f80000,0x00000000d5f80000,0x00000000d6080000)
 ParOldGen       total 253440K, used 253413K [0x0000000080000000, 0x000000008f780000, 0x00000000d5580000)
  object space 253440K, 99% used [0x0000000080000000,0x000000008f7797f8,0x000000008f780000)
 Metaspace       used 26132K, committed 27264K, reserved 1114112K
  class space    used 2614K, committed 3136K, reserved 1048576K
}
Event: 240.232 GC heap after
{Heap after GC invocations=555 (full 1):
 PSYoungGen      total 10240K, used 832K [0x00000000d5580000, 0x00000000d6080000, 0x0000000100000000)
  eden space 9216K, 0% used [0x00000000d5580000,0x00000000d5580000,0x00000000d5e80000)
  from space 1024K, 81% used [0x00000000d5f80000,0x00000000d6050000,0x00000000d6080000)
  to   space 1024K, 0% used [0x00000000d5e80000,0x00000000d5e80000,0x00000000d5f80000)
 ParOldGen       total 254464K, used 254210K [0x0000000080000000, 0x000000008f880000, 0x00000000d5580000)
  object space 254464K, 99% used [0x0000000080000000,0x000000008f840800,0x000000008f880000)
 Metaspace       used 26132K, committed 27264K, reserved 1114112K
  class space    used 2614K, committed 3136K, reserved 1048576K
}
Event: 240.279 GC heap before
{Heap before GC invocations=556 (full 1):
 PSYoungGen      total 10240K, used 10048K [0x00000000d5580000, 0x00000000d6080000, 0x0000000100000000)
  eden space 9216K, 100% used [0x00000000d5580000,0x00000000d5e80000,0x00000000d5e80000)
  from space 1024K, 81% used [0x00000000d5f80000,0x00000000d6050000,0x00000000d6080000)
  to   space 1024K, 0% used [0x00000000d5e80000,0x00000000d5e80000,0x00000000d5f80000)
 ParOldGen       total 254464K, used 254210K [0x0000000080000000, 0x000000008f880000, 0x00000000d5580000)
  object space 254464K, 99% used [0x0000000080000000,0x000000008f840800,0x000000008f880000)
 Metaspace       used 26132K, committed 27264K, reserved 1114112K
  class space    used 2614K, committed 3136K, reserved 1048576K
}
Event: 240.282 GC heap after
{Heap after GC invocations=556 (full 1):
 PSYoungGen      total 10240K, used 768K [0x00000000d5580000, 0x00000000d6080000, 0x0000000100000000)
  eden space 9216K, 0% used [0x00000000d5580000,0x00000000d5580000,0x00000000d5e80000)
  from space 1024K, 75% used [0x00000000d5e80000,0x00000000d5f40000,0x00000000d5f80000)
  to   space 1024K, 0% used [0x00000000d5f80000,0x00000000d5f80000,0x00000000d6080000)
 ParOldGen       total 254976K, used 254943K [0x0000000080000000, 0x000000008f900000, 0x00000000d5580000)
  object space 254976K, 99% used [0x0000000080000000,0x000000008f8f7e10,0x000000008f900000)
 Metaspace       used 26132K, committed 27264K, reserved 1114112K
  class space    used 2614K, committed 3136K, reserved 1048576K
}
Event: 240.320 GC heap before
{Heap before GC invocations=557 (full 1):
 PSYoungGen      total 10240K, used 9984K [0x00000000d5580000, 0x00000000d6080000, 0x0000000100000000)
  eden space 9216K, 100% used [0x00000000d5580000,0x00000000d5e80000,0x00000000d5e80000)
  from space 1024K, 75% used [0x00000000d5e80000,0x00000000d5f40000,0x00000000d5f80000)
  to   space 1024K, 0% used [0x00000000d5f80000,0x00000000d5f80000,0x00000000d6080000)
 ParOldGen       total 254976K, used 254943K [0x0000000080000000, 0x000000008f900000, 0x00000000d5580000)
  object space 254976K, 99% used [0x0000000080000000,0x000000008f8f7e10,0x000000008f900000)
 Metaspace       used 26132K, committed 27264K, reserved 1114112K
  class space    used 2614K, committed 3136K, reserved 1048576K
}
Event: 240.341 GC heap after
{Heap after GC invocations=557 (full 1):
 PSYoungGen      total 10240K, used 864K [0x00000000d5580000, 0x00000000d6080000, 0x0000000100000000)
  eden space 9216K, 0% used [0x00000000d5580000,0x00000000d5580000,0x00000000d5e80000)
  from space 1024K, 84% used [0x00000000d5f80000,0x00000000d6058000,0x00000000d6080000)
  to   space 1024K, 0% used [0x00000000d5e80000,0x00000000d5e80000,0x00000000d5f80000)
 ParOldGen       total 256000K, used 255679K [0x0000000080000000, 0x000000008fa00000, 0x00000000d5580000)
  object space 256000K, 99% used [0x0000000080000000,0x000000008f9afe10,0x000000008fa00000)
 Metaspace       used 26132K, committed 27264K, reserved 1114112K
  class space    used 2614K, committed 3136K, reserved 1048576K
}
Event: 240.362 GC heap before
{Heap before GC invocations=558 (full 1):
 PSYoungGen      total 10240K, used 10066K [0x00000000d5580000, 0x00000000d6080000, 0x0000000100000000)
  eden space 9216K, 99% used [0x00000000d5580000,0x00000000d5e7cbf0,0x00000000d5e80000)
  from space 1024K, 84% used [0x00000000d5f80000,0x00000000d6058000,0x00000000d6080000)
  to   space 1024K, 0% used [0x00000000d5e80000,0x00000000d5e80000,0x00000000d5f80000)
 ParOldGen       total 256000K, used 255679K [0x0000000080000000, 0x000000008fa00000, 0x00000000d5580000)
  object space 256000K, 99% used [0x0000000080000000,0x000000008f9afe10,0x000000008fa00000)
 Metaspace       used 26132K, committed 27264K, reserved 1114112K
  class space    used 2614K, committed 3136K, reserved 1048576K
}
Event: 240.374 GC heap after
{Heap after GC invocations=558 (full 1):
 PSYoungGen      total 10240K, used 1016K [0x00000000d5580000, 0x00000000d6280000, 0x0000000100000000)
  eden space 9216K, 0% used [0x00000000d5580000,0x00000000d5580000,0x00000000d5e80000)
  from space 1024K, 99% used [0x00000000d5e80000,0x00000000d5f7e008,0x00000000d5f80000)
  to   space 2048K, 0% used [0x00000000d6080000,0x00000000d6080000,0x00000000d6280000)
 ParOldGen       total 256512K, used 256436K [0x0000000080000000, 0x000000008fa80000, 0x00000000d5580000)
  object space 256512K, 99% used [0x0000000080000000,0x000000008fa6d018,0x000000008fa80000)
 Metaspace       used 26132K, committed 27264K, reserved 1114112K
  class space    used 2614K, committed 3136K, reserved 1048576K
}
Event: 240.888 GC heap before
{Heap before GC invocations=559 (full 1):
 PSYoungGen      total 10240K, used 10232K [0x00000000d5580000, 0x00000000d6280000, 0x0000000100000000)
  eden space 9216K, 100% used [0x00000000d5580000,0x00000000d5e80000,0x00000000d5e80000)
  from space 1024K, 99% used [0x00000000d5e80000,0x00000000d5f7e008,0x00000000d5f80000)
  to   space 2048K, 0% used [0x00000000d6080000,0x00000000d6080000,0x00000000d6280000)
 ParOldGen       total 256512K, used 256436K [0x0000000080000000, 0x000000008fa80000, 0x00000000d5580000)
  object space 256512K, 99% used [0x0000000080000000,0x000000008fa6d018,0x000000008fa80000)
 Metaspace       used 26135K, committed 27264K, reserved 1114112K
  class space    used 2614K, committed 3136K, reserved 1048576K
}
Event: 240.910 GC heap after
{Heap after GC invocations=559 (full 1):
 PSYoungGen      total 10240K, used 704K [0x00000000d5580000, 0x00000000d6180000, 0x0000000100000000)
  eden space 9216K, 0% used [0x00000000d5580000,0x00000000d5580000,0x00000000d5e80000)
  from space 1024K, 68% used [0x00000000d6080000,0x00000000d6130000,0x00000000d6180000)
  to   space 1536K, 0% used [0x00000000d5e80000,0x00000000d5e80000,0x00000000d6000000)
 ParOldGen       total 257536K, used 257420K [0x0000000080000000, 0x000000008fb80000, 0x00000000d5580000)
  object space 257536K, 99% used [0x0000000080000000,0x000000008fb63020,0x000000008fb80000)
 Metaspace       used 26135K, committed 27264K, reserved 1114112K
  class space    used 2614K, committed 3136K, reserved 1048576K
}
Event: 240.933 GC heap before
{Heap before GC invocations=560 (full 1):
 PSYoungGen      total 10240K, used 9920K [0x00000000d5580000, 0x00000000d6180000, 0x0000000100000000)
  eden space 9216K, 100% used [0x00000000d5580000,0x00000000d5e80000,0x00000000d5e80000)
  from space 1024K, 68% used [0x00000000d6080000,0x00000000d6130000,0x00000000d6180000)
  to   space 1536K, 0% used [0x00000000d5e80000,0x00000000d5e80000,0x00000000d6000000)
 ParOldGen       total 257536K, used 257420K [0x0000000080000000, 0x000000008fb80000, 0x00000000d5580000)
  object space 257536K, 99% used [0x0000000080000000,0x000000008fb63020,0x000000008fb80000)
 Metaspace       used 26135K, committed 27264K, reserved 1114112K
  class space    used 2614K, committed 3136K, reserved 1048576K
}
Event: 240.935 GC heap after
{Heap after GC invocations=560 (full 1):
 PSYoungGen      total 10752K, used 864K [0x00000000d5580000, 0x00000000d6100000, 0x0000000100000000)
  eden space 9216K, 0% used [0x00000000d5580000,0x00000000d5580000,0x00000000d5e80000)
  from space 1536K, 56% used [0x00000000d5e80000,0x00000000d5f58000,0x00000000d6000000)
  to   space 1024K, 0% used [0x00000000d6000000,0x00000000d6000000,0x00000000d6100000)
 ParOldGen       total 258048K, used 257951K [0x0000000080000000, 0x000000008fc00000, 0x00000000d5580000)
  object space 258048K, 99% used [0x0000000080000000,0x000000008fbe7c30,0x000000008fc00000)
 Metaspace       used 26135K, committed 27264K, reserved 1114112K
  class space    used 2614K, committed 3136K, reserved 1048576K
}
Event: 241.002 GC heap before
{Heap before GC invocations=561 (full 1):
 PSYoungGen      total 10752K, used 10080K [0x00000000d5580000, 0x00000000d6100000, 0x0000000100000000)
  eden space 9216K, 100% used [0x00000000d5580000,0x00000000d5e80000,0x00000000d5e80000)
  from space 1536K, 56% used [0x00000000d5e80000,0x00000000d5f58000,0x00000000d6000000)
  to   space 1024K, 0% used [0x00000000d6000000,0x00000000d6000000,0x00000000d6100000)
 ParOldGen       total 258048K, used 257951K [0x0000000080000000, 0x000000008fc00000, 0x00000000d5580000)
  object space 258048K, 99% used [0x0000000080000000,0x000000008fbe7c30,0x000000008fc00000)
 Metaspace       used 26135K, committed 27264K, reserved 1114112K
  class space    used 2614K, committed 3136K, reserved 1048576K
}
Event: 241.009 GC heap after
{Heap after GC invocations=561 (full 1):
 PSYoungGen      total 10240K, used 928K [0x00000000d5580000, 0x00000000d6100000, 0x0000000100000000)
  eden space 9216K, 0% used [0x00000000d5580000,0x00000000d5580000,0x00000000d5e80000)
  from space 1024K, 90% used [0x00000000d6000000,0x00000000d60e8000,0x00000000d6100000)
  to   space 1024K, 0% used [0x00000000d5f00000,0x00000000d5f00000,0x00000000d6000000)
 ParOldGen       total 259072K, used 258775K [0x0000000080000000, 0x000000008fd00000, 0x00000000d5580000)
  object space 259072K, 99% used [0x0000000080000000,0x000000008fcb5c30,0x000000008fd00000)
 Metaspace       used 26135K, committed 27264K, reserved 1114112K
  class space    used 2614K, committed 3136K, reserved 1048576K
}
Event: 241.301 GC heap before
{Heap before GC invocations=562 (full 1):
 PSYoungGen      total 10240K, used 10144K [0x00000000d5580000, 0x00000000d6100000, 0x0000000100000000)
  eden space 9216K, 100% used [0x00000000d5580000,0x00000000d5e80000,0x00000000d5e80000)
  from space 1024K, 90% used [0x00000000d6000000,0x00000000d60e8000,0x00000000d6100000)
  to   space 1024K, 0% used [0x00000000d5f00000,0x00000000d5f00000,0x00000000d6000000)
 ParOldGen       total 259072K, used 258775K [0x0000000080000000, 0x000000008fd00000, 0x00000000d5580000)
  object space 259072K, 99% used [0x0000000080000000,0x000000008fcb5c30,0x000000008fd00000)
 Metaspace       used 26143K, committed 27264K, reserved 1114112K
  class space    used 2614K, committed 3136K, reserved 1048576K
}
Event: 241.308 GC heap after
{Heap after GC invocations=562 (full 1):
 PSYoungGen      total 10240K, used 736K [0x00000000d5580000, 0x00000000d6080000, 0x0000000100000000)
  eden space 9216K, 0% used [0x00000000d5580000,0x00000000d5580000,0x00000000d5e80000)
  from space 1024K, 71% used [0x00000000d5f00000,0x00000000d5fb8000,0x00000000d6000000)
  to   space 512K, 0% used [0x00000000d6000000,0x00000000d6000000,0x00000000d6080000)
 ParOldGen       total 259584K, used 259519K [0x0000000080000000, 0x000000008fd80000, 0x00000000d5580000)
  object space 259584K, 99% used [0x0000000080000000,0x000000008fd6fc30,0x000000008fd80000)
 Metaspace       used 26143K, committed 27264K, reserved 1114112K
  class space    used 2614K, committed 3136K, reserved 1048576K
}

