# JRE version: Java(TM) SE Runtime Environment (21.0.1+12) (build 21.0.1+12-LTS-29)
# Java VM: Java HotSpot(TM) 64-Bit Server VM (21.0.1+12-LTS-29, mixed mode, sharing, tiered, compressed oops, compressed class ptrs, g1 gc, windows-amd64)
GC Precious Log:
 CardTable entry size: 512
 Card Set container configuration: InlinePtr #cards 5 size 8 Array Of Cards #cards 12 size 40 Howl #buckets 4 coarsen threshold 1843 Howl Bitmap #cards 512 size 80 coarsen threshold 460 Card regions per heap region 1 cards per card region 2048
 CPUs: 8 total, 8 available
 Memory: 7991M
 Large Page Support: Disabled
 NUMA Support: Disabled
 Compressed Oops: Enabled (32-bit)
 Heap Region Size: 1M
 Heap Min Capacity: 8M
 Heap Initial Capacity: 126M
 Heap Max Capacity: 1998M
 Pre-touch: Disabled
 Parallel Workers: 8
 Concurrent Workers: 2
 Concurrent Refinement Workers: 8
 Periodic GC: Disabled
Heap:
 garbage-first heap   total 81920K, used 67171K [0x0000000083200000, 0x0000000100000000)
  region size 1024K, 44 young (45056K), 2 survivors (2048K)
 Metaspace       used 44854K, committed 45632K, reserved 1114112K
  class space    used 5516K, committed 5888K, reserved 1048576K
GC Heap History (14 events):
Event: 0.996 GC heap before
{Heap before GC invocations=0 (full 0):
 garbage-first heap   total 129024K, used 27648K [0x0000000083200000, 0x0000000100000000)
  region size 1024K, 23 young (23552K), 0 survivors (0K)
 Metaspace       used 7183K, committed 7360K, reserved 1114112K
  class space    used 750K, committed 832K, reserved 1048576K
}
Event: 1.001 GC heap after
{Heap after GC invocations=1 (full 0):
 garbage-first heap   total 129024K, used 7219K [0x0000000083200000, 0x0000000100000000)
  region size 1024K, 3 young (3072K), 3 survivors (3072K)
 Metaspace       used 7183K, committed 7360K, reserved 1114112K
  class space    used 750K, committed 832K, reserved 1048576K
}
Event: 1.898 GC heap before
{Heap before GC invocations=1 (full 0):
 garbage-first heap   total 129024K, used 43059K [0x0000000083200000, 0x0000000100000000)
  region size 1024K, 36 young (36864K), 3 survivors (3072K)
 Metaspace       used 15476K, committed 15808K, reserved 1114112K
  class space    used 2024K, committed 2176K, reserved 1048576K
}
Event: 1.909 GC heap after
{Heap after GC invocations=2 (full 0):
 garbage-first heap   total 129024K, used 13490K [0x0000000083200000, 0x0000000100000000)
  region size 1024K, 5 young (5120K), 5 survivors (5120K)
 Metaspace       used 15476K, committed 15808K, reserved 1114112K
  class space    used 2024K, committed 2176K, reserved 1048576K
}
Event: 2.698 GC heap before
{Heap before GC invocations=2 (full 0):
 garbage-first heap   total 129024K, used 39090K [0x0000000083200000, 0x0000000100000000)
  region size 1024K, 31 young (31744K), 5 survivors (5120K)
 Metaspace       used 21381K, committed 21504K, reserved 1114112K
  class space    used 2879K, committed 2944K, reserved 1048576K
}
Event: 2.711 GC heap after
{Heap after GC invocations=3 (full 0):
 garbage-first heap   total 129024K, used 15153K [0x0000000083200000, 0x0000000100000000)
  region size 1024K, 8 young (8192K), 8 survivors (8192K)
 Metaspace       used 21381K, committed 21504K, reserved 1114112K
  class space    used 2879K, committed 2944K, reserved 1048576K
}
Event: 3.516 GC heap before
{Heap before GC invocations=4 (full 0):
 garbage-first heap   total 55296K, used 55089K [0x0000000083200000, 0x0000000100000000)
  region size 1024K, 47 young (48128K), 8 survivors (8192K)
 Metaspace       used 28310K, committed 28928K, reserved 1114112K
  class space    used 3614K, committed 3904K, reserved 1048576K
}
Event: 3.537 GC heap after
{Heap after GC invocations=5 (full 0):
 garbage-first heap   total 67584K, used 18803K [0x0000000083200000, 0x0000000100000000)
  region size 1024K, 8 young (8192K), 8 survivors (8192K)
 Metaspace       used 28310K, committed 28928K, reserved 1114112K
  class space    used 3614K, committed 3904K, reserved 1048576K
}
Event: 4.269 GC heap before
{Heap before GC invocations=5 (full 0):
 garbage-first heap   total 67584K, used 53619K [0x0000000083200000, 0x0000000100000000)
  region size 1024K, 39 young (39936K), 8 survivors (8192K)
 Metaspace       used 33913K, committed 34624K, reserved 1114112K
  class space    used 4316K, committed 4672K, reserved 1048576K
}
Event: 4.290 GC heap after
{Heap after GC invocations=6 (full 0):
 garbage-first heap   total 67584K, used 24576K [0x0000000083200000, 0x0000000100000000)
  region size 1024K, 4 young (4096K), 4 survivors (4096K)
 Metaspace       used 33913K, committed 34624K, reserved 1114112K
  class space    used 4316K, committed 4672K, reserved 1048576K
}
Event: 4.720 GC heap before
{Heap before GC invocations=6 (full 0):
 garbage-first heap   total 67584K, used 56320K [0x0000000083200000, 0x0000000100000000)
  region size 1024K, 35 young (35840K), 4 survivors (4096K)
 Metaspace       used 35574K, committed 36288K, reserved 1114112K
  class space    used 4505K, committed 4864K, reserved 1048576K
}
Event: 4.731 GC heap after
{Heap after GC invocations=7 (full 0):
 garbage-first heap   total 81920K, used 25008K [0x0000000083200000, 0x0000000100000000)
  region size 1024K, 2 young (2048K), 2 survivors (2048K)
 Metaspace       used 35574K, committed 36288K, reserved 1114112K
  class space    used 4505K, committed 4864K, reserved 1048576K
}
Event: 4.735 GC heap before
{Heap before GC invocations=7 (full 0):
 garbage-first heap   total 81920K, used 25008K [0x0000000083200000, 0x0000000100000000)
  region size 1024K, 3 young (3072K), 2 survivors (2048K)
 Metaspace       used 35612K, committed 36288K, reserved 1114112K
  class space    used 4505K, committed 4864K, reserved 1048576K
}
Event: 4.738 GC heap after
{Heap after GC invocations=8 (full 0):
 garbage-first heap   total 81920K, used 25187K [0x0000000083200000, 0x0000000100000000)
  region size 1024K, 2 young (2048K), 2 survivors (2048K)
 Metaspace       used 35612K, committed 36288K, reserved 1114112K
  class space    used 4505K, committed 4864K, reserved 1048576K
}

