# JRE version: Java(TM) SE Runtime Environment (21.0.1+12) (build 21.0.1+12-LTS-29)
# Java VM: Java HotSpot(TM) 64-Bit Server VM (21.0.1+12-LTS-29, mixed mode, sharing, tiered, compressed oops, compressed class ptrs, g1 gc, windows-amd64)
GC Precious Log:
 CardTable entry size: 512
 Card Set container configuration: InlinePtr #cards 5 size 8 Array Of Cards #cards 12 size 40 Howl #buckets 4 coarsen threshold 1843 Howl Bitmap #cards 512 size 80 coarsen threshold 460 Card regions per heap region 1 cards per card region 2048
 CPUs: 8 total, 8 available
 Memory: 7991M
 Large Page Support: Disabled
 NUMA Support: Disabled
 Compressed Oops: Enabled (32-bit)
 Heap Region Size: 1M
 Heap Min Capacity: 8M
 Heap Initial Capacity: 126M
 Heap Max Capacity: 1998M
 Pre-touch: Disabled
 Parallel Workers: 8
 Concurrent Workers: 2
 Concurrent Refinement Workers: 8
 Periodic GC: Disabled
Heap:
 garbage-first heap   total 96256K, used 58880K [0x0000000083200000, 0x0000000100000000)
  region size 1024K, 27 young (27648K), 5 survivors (5120K)
 Metaspace       used 41476K, committed 42240K, reserved 1114112K
  class space    used 5191K, committed 5568K, reserved 1048576K
GC Heap History (14 events):
Event: 1.890 GC heap before
{Heap before GC invocations=0 (full 0):
 garbage-first heap   total 129024K, used 27648K [0x0000000083200000, 0x0000000100000000)
  region size 1024K, 23 young (23552K), 0 survivors (0K)
 Metaspace       used 7170K, committed 7360K, reserved 1114112K
  class space    used 744K, committed 832K, reserved 1048576K
}
Event: 1.897 GC heap after
{Heap after GC invocations=1 (full 0):
 garbage-first heap   total 129024K, used 7168K [0x0000000083200000, 0x0000000100000000)
  region size 1024K, 3 young (3072K), 3 survivors (3072K)
 Metaspace       used 7170K, committed 7360K, reserved 1114112K
  class space    used 744K, committed 832K, reserved 1048576K
}
Event: 3.106 GC heap before
{Heap before GC invocations=1 (full 0):
 garbage-first heap   total 129024K, used 40960K [0x0000000083200000, 0x0000000100000000)
  region size 1024K, 36 young (36864K), 3 survivors (3072K)
 Metaspace       used 16221K, committed 16512K, reserved 1114112K
  class space    used 2088K, committed 2240K, reserved 1048576K
}
Event: 3.116 GC heap after
{Heap after GC invocations=2 (full 0):
 garbage-first heap   total 129024K, used 10390K [0x0000000083200000, 0x0000000100000000)
  region size 1024K, 4 young (4096K), 4 survivors (4096K)
 Metaspace       used 16221K, committed 16512K, reserved 1114112K
  class space    used 2088K, committed 2240K, reserved 1048576K
}
Event: 4.337 GC heap before
{Heap before GC invocations=2 (full 0):
 garbage-first heap   total 129024K, used 44182K [0x0000000083200000, 0x0000000100000000)
  region size 1024K, 36 young (36864K), 4 survivors (4096K)
 Metaspace       used 21296K, committed 21504K, reserved 1114112K
  class space    used 2824K, committed 2944K, reserved 1048576K
}
Event: 4.354 GC heap after
{Heap after GC invocations=3 (full 0):
 garbage-first heap   total 129024K, used 18294K [0x0000000083200000, 0x0000000100000000)
  region size 1024K, 9 young (9216K), 9 survivors (9216K)
 Metaspace       used 21296K, committed 21504K, reserved 1114112K
  class space    used 2824K, committed 2944K, reserved 1048576K
}
Event: 6.357 GC heap before
{Heap before GC invocations=4 (full 0):
 garbage-first heap   total 65536K, used 64374K [0x0000000083200000, 0x0000000100000000)
  region size 1024K, 55 young (56320K), 9 survivors (9216K)
 Metaspace       used 29115K, committed 29696K, reserved 1114112K
  class space    used 3649K, committed 3968K, reserved 1048576K
}
Event: 6.387 GC heap after
{Heap after GC invocations=5 (full 0):
 garbage-first heap   total 79872K, used 21137K [0x0000000083200000, 0x0000000100000000)
  region size 1024K, 5 young (5120K), 5 survivors (5120K)
 Metaspace       used 29115K, committed 29696K, reserved 1114112K
  class space    used 3649K, committed 3968K, reserved 1048576K
}
Event: 9.809 GC heap before
{Heap before GC invocations=5 (full 0):
 garbage-first heap   total 79872K, used 62097K [0x0000000083200000, 0x0000000100000000)
  region size 1024K, 45 young (46080K), 5 survivors (5120K)
 Metaspace       used 34950K, committed 35712K, reserved 1114112K
  class space    used 4364K, committed 4736K, reserved 1048576K
}
Event: 9.846 GC heap after
{Heap after GC invocations=6 (full 0):
 garbage-first heap   total 79872K, used 28160K [0x0000000083200000, 0x0000000100000000)
  region size 1024K, 6 young (6144K), 6 survivors (6144K)
 Metaspace       used 34950K, committed 35712K, reserved 1114112K
  class space    used 4364K, committed 4736K, reserved 1048576K
}
Event: 9.936 GC heap before
{Heap before GC invocations=6 (full 0):
 garbage-first heap   total 79872K, used 28160K [0x0000000083200000, 0x0000000100000000)
  region size 1024K, 7 young (7168K), 6 survivors (6144K)
 Metaspace       used 35218K, committed 35968K, reserved 1114112K
  class space    used 4381K, committed 4800K, reserved 1048576K
}
Event: 9.956 GC heap after
{Heap after GC invocations=7 (full 0):
 garbage-first heap   total 79872K, used 29696K [0x0000000083200000, 0x0000000100000000)
  region size 1024K, 1 young (1024K), 1 survivors (1024K)
 Metaspace       used 35218K, committed 35968K, reserved 1114112K
  class space    used 4381K, committed 4800K, reserved 1048576K
}
Event: 11.242 GC heap before
{Heap before GC invocations=8 (full 0):
 garbage-first heap   total 79872K, used 67584K [0x0000000083200000, 0x0000000100000000)
  region size 1024K, 36 young (36864K), 1 survivors (1024K)
 Metaspace       used 40712K, committed 41536K, reserved 1114112K
  class space    used 5109K, committed 5504K, reserved 1048576K
}
Event: 11.257 GC heap after
{Heap after GC invocations=9 (full 0):
 garbage-first heap   total 96256K, used 37376K [0x0000000083200000, 0x0000000100000000)
  region size 1024K, 5 young (5120K), 5 survivors (5120K)
 Metaspace       used 40712K, committed 41536K, reserved 1114112K
  class space    used 5109K, committed 5504K, reserved 1048576K
}

